Using pre-set license
Built from '2020.3/staging' branch; Version is '2020.3.26f1 (7298b473bc1a) revision 7510196'; Using compiler version '192528614'; Build Type 'Release'
OS: 'Windows 10  (10.0.19044) 64bit CoreSingleLanguage' Language: 'en' Physical Memory: 12162 MB
BatchMode: 1, IsHumanControllingUs: 0, StartBugReporterOnCrash: 0, Is64bit: 1, IsPro: 0

COMMAND LINE ARGUMENTS:
C:\Program Files\Unity\Hub\Editor\2020.3.26f1\Editor\Unity.exe
-adb2
-batchMode
-noUpm
-name
AssetImportWorker0
-projectPath
E:/Unity/Projects/Strange Loops/Theseus And The Minotaur
-logFile
Logs/AssetImportWorker0.log
-srvPort
50922
Successfully changed project path to: E:/Unity/Projects/Strange Loops/Theseus And The Minotaur
E:/Unity/Projects/Strange Loops/Theseus And The Minotaur
Using Asset Import Pipeline V2.
Refreshing native plugins compatible for Editor in 62.70 ms, found 3 plugins.
Preloading 0 native plugins for Editor in 0.00 ms.
Initialize engine version: 2020.3.26f1 (7298b473bc1a)
[Subsystems] Discovering subsystems at path C:/Program Files/Unity/Hub/Editor/2020.3.26f1/Editor/Data/Resources/UnitySubsystems
[Subsystems] Discovering subsystems at path E:/Unity/Projects/Strange Loops/Theseus And The Minotaur/Assets
GfxDevice: creating device client; threaded=0
Direct3D:
    Version:  Direct3D 11.0 [level 11.1]
    Renderer: AMD Radeon(TM) 530 (ID=0x6900)
    Vendor:   
    VRAM:     2038 MB
    Driver:   27.20.20903.8001
Initialize mono
Mono path[0] = 'C:/Program Files/Unity/Hub/Editor/2020.3.26f1/Editor/Data/Managed'
Mono path[1] = 'C:/Program Files/Unity/Hub/Editor/2020.3.26f1/Editor/Data/MonoBleedingEdge/lib/mono/unityjit'
Mono config path = 'C:/Program Files/Unity/Hub/Editor/2020.3.26f1/Editor/Data/MonoBleedingEdge/etc'
Using monoOptions --debugger-agent=transport=dt_socket,embedding=1,server=y,suspend=n,address=127.0.0.1:56844
Begin MonoManager ReloadAssembly
Registering precompiled unity dll's ...
Register platform support module: C:/Program Files/Unity/Hub/Editor/2020.3.26f1/Editor/Data/PlaybackEngines/WebGLSupport/UnityEditor.WebGL.Extensions.dll
Register platform support module: C:/Program Files/Unity/Hub/Editor/2020.3.26f1/Editor/Data/PlaybackEngines/WindowsStandaloneSupport/UnityEditor.WindowsStandalone.Extensions.dll
Registered in 0.002988 seconds.
Native extension for WindowsStandalone target not found
Native extension for WebGL target not found
Refreshing native plugins compatible for Editor in 71.63 ms, found 3 plugins.
Preloading 0 native plugins for Editor in 0.00 ms.
Mono: successfully reloaded assembly
- Completed reload, in  0.922 seconds
Domain Reload Profiling:
	ReloadAssembly (922ms)
		BeginReloadAssembly (75ms)
			ExecutionOrderSort (0ms)
			DisableScriptedObjects (0ms)
			BackupInstance (0ms)
			ReleaseScriptingObjects (0ms)
			CreateAndSetChildDomain (1ms)
		EndReloadAssembly (733ms)
			LoadAssemblies (74ms)
			RebuildTransferFunctionScriptingTraits (0ms)
			SetupTypeCache (240ms)
			ReleaseScriptCaches (0ms)
			RebuildScriptCaches (49ms)
			SetupLoadedEditorAssemblies (300ms)
				LogAssemblyErrors (0ms)
				InitializePlatformSupportModulesInManaged (13ms)
				SetLoadedEditorAssemblies (0ms)
				RefreshPlugins (72ms)
				BeforeProcessingInitializeOnLoad (28ms)
				ProcessInitializeOnLoadAttributes (137ms)
				ProcessInitializeOnLoadMethodAttributes (50ms)
				AfterProcessingInitializeOnLoad (0ms)
				EditorAssembliesLoaded (0ms)
			ExecutionOrderSort2 (0ms)
			AwakeInstancesAfterBackupRestoration (0ms)
Platform modules already initialized, skipping
Registering precompiled user dll's ...
Registered in 0.004334 seconds.
Begin MonoManager ReloadAssembly
Native extension for WindowsStandalone target not found
Native extension for WebGL target not found
Refreshing native plugins compatible for Editor in 65.01 ms, found 3 plugins.
Preloading 0 native plugins for Editor in 0.00 ms.
Mono: successfully reloaded assembly
- Completed reload, in  1.972 seconds
Domain Reload Profiling:
	ReloadAssembly (1973ms)
		BeginReloadAssembly (236ms)
			ExecutionOrderSort (0ms)
			DisableScriptedObjects (7ms)
			BackupInstance (0ms)
			ReleaseScriptingObjects (0ms)
			CreateAndSetChildDomain (33ms)
		EndReloadAssembly (1609ms)
			LoadAssemblies (186ms)
			RebuildTransferFunctionScriptingTraits (0ms)
			SetupTypeCache (521ms)
			ReleaseScriptCaches (1ms)
			RebuildScriptCaches (74ms)
			SetupLoadedEditorAssemblies (653ms)
				LogAssemblyErrors (0ms)
				InitializePlatformSupportModulesInManaged (7ms)
				SetLoadedEditorAssemblies (0ms)
				RefreshPlugins (65ms)
				BeforeProcessingInitializeOnLoad (139ms)
				ProcessInitializeOnLoadAttributes (398ms)
				ProcessInitializeOnLoadMethodAttributes (36ms)
				AfterProcessingInitializeOnLoad (8ms)
				EditorAssembliesLoaded (0ms)
			ExecutionOrderSort2 (0ms)
			AwakeInstancesAfterBackupRestoration (16ms)
Platform modules already initialized, skipping
========================================================================
Worker process is ready to serve import requests
Launched and connected shader compiler UnityShaderCompiler.exe after 0.13 seconds
Refreshing native plugins compatible for Editor in 2.02 ms, found 3 plugins.
Preloading 0 native plugins for Editor in 0.02 ms.
Unloading 2221 Unused Serialized files (Serialized files now loaded: 0)
System memory in use before: 98.6 MB.
System memory in use after: 98.7 MB.

Unloading 28 unused Assets to reduce memory usage. Loaded Objects now: 2655.
Total: 11.551100 ms (FindLiveObjects: 0.799900 ms CreateObjectMapping: 1.306800 ms MarkObjects: 9.344300 ms  DeleteObjects: 0.098000 ms)

AssetImportParameters requested are different than current active one (requested -> active):
  custom:framework-win-MediaFoundation: 216162199b28c13a410421893ffa2e32 -> 
  custom:video-decoder-ogg-theora: a1e56fd34408186e4bbccfd4996cb3dc -> 
  custom:container-muxer-webm: aa71ff27fc2769a1b78a27578f13a17b -> 
  custom:container-demuxer-webm: 4f35f7cbe854078d1ac9338744f61a02 -> 
  custom:container-demuxer-ogg: 62fdf1f143b41e24485cea50d1cbac27 -> 
  custom:video-encoder-webm-vp8: eb34c28f22e8b96e1ab97ce403110664 -> 
  custom:video-decoder-webm-vp8: 9c59270c3fd7afecdb556c50c9e8de78 -> 
  custom:audio-decoder-ogg-vorbis: bf7c407c2cedff20999df2af8eb42d56 -> 
  custom:audio-encoder-webm-vorbis: bf7c407c2cedff20999df2af8eb42d56 -> 
========================================================================
Received Import Request.
  path: Assets/Goal.cs
  artifactKey: Guid(2eb48befd78626244942acbaf3fe1725) Importer(815301076,1909f56bfc062723c751e8b465ee728b)
Start importing Assets/Goal.cs using Guid(2eb48befd78626244942acbaf3fe1725) Importer(815301076,1909f56bfc062723c751e8b465ee728b)  -> (artifact id: '3d106b7e71bc52cfa96913ee08e4c85a') in 0.088756 seconds 
  Import took 0.095780 seconds .

========================================================================
Received Import Request.
  Time since last request: 0.003473 seconds.
  path: Assets/TextMesh Pro/Resources/Fonts & Materials/LiberationSans SDF - Drop Shadow.mat
  artifactKey: Guid(e73a58f6e2794ae7b1b7e50b7fb811b0) Importer(815301076,1909f56bfc062723c751e8b465ee728b)
Start importing Assets/TextMesh Pro/Resources/Fonts & Materials/LiberationSans SDF - Drop Shadow.mat using Guid(e73a58f6e2794ae7b1b7e50b7fb811b0) Importer(815301076,1909f56bfc062723c751e8b465ee728b)  -> (artifact id: 'ca0d2861f60500f05bd29199894f7bb5') in 0.481845 seconds 
  Import took 0.493735 seconds .

========================================================================
Received Import Request.
  Time since last request: 0.003701 seconds.
  path: Assets/TextMesh Pro/Documentation
  artifactKey: Guid(8e7e8f5a82a3a134e91c54efd2274ea9) Importer(815301076,1909f56bfc062723c751e8b465ee728b)
Start importing Assets/TextMesh Pro/Documentation using Guid(8e7e8f5a82a3a134e91c54efd2274ea9) Importer(815301076,1909f56bfc062723c751e8b465ee728b)  -> (artifact id: '7f5aa99e36510f23d626084d8be9669f') in 0.014965 seconds 
  Import took 0.020908 seconds .

========================================================================
Received Import Request.
  Time since last request: 0.016103 seconds.
  path: Assets/TextMesh Pro/Shaders/TMPro.cginc
  artifactKey: Guid(407bc68d299748449bbf7f48ee690f8d) Importer(815301076,1909f56bfc062723c751e8b465ee728b)
Start importing Assets/TextMesh Pro/Shaders/TMPro.cginc using Guid(407bc68d299748449bbf7f48ee690f8d) Importer(815301076,1909f56bfc062723c751e8b465ee728b)  -> (artifact id: 'a7b84941a55f9012bae7f955040ccce9') in 0.037308 seconds 
  Import took 0.060906 seconds .

========================================================================
Received Import Request.
  Time since last request: 0.133827 seconds.
  path: Assets/TextMesh Pro/Shaders/TMP_SDF SSD.shader
  artifactKey: Guid(14eb328de4b8eb245bb7cea29e4ac00b) Importer(815301076,1909f56bfc062723c751e8b465ee728b)
Start importing Assets/TextMesh Pro/Shaders/TMP_SDF SSD.shader using Guid(14eb328de4b8eb245bb7cea29e4ac00b) Importer(815301076,1909f56bfc062723c751e8b465ee728b)  -> (artifact id: 'dda8a03c2a6802f7eb535a211d260372') in 0.013827 seconds 
  Import took 0.020707 seconds .

========================================================================
Received Import Request.
  Time since last request: 0.014907 seconds.
  path: Assets/TextMesh Pro/Shaders/TMP_SDF.shader
  artifactKey: Guid(68e6db2ebdc24f95958faec2be5558d6) Importer(815301076,1909f56bfc062723c751e8b465ee728b)
Start importing Assets/TextMesh Pro/Shaders/TMP_SDF.shader using Guid(68e6db2ebdc24f95958faec2be5558d6) Importer(815301076,1909f56bfc062723c751e8b465ee728b)  -> (artifact id: '3b6cc03341e753baf130bf6fdf6fb54e') in 0.011646 seconds 
  Import took 0.018437 seconds .

========================================================================
Received Import Request.
  Time since last request: 0.012907 seconds.
  path: Assets/TextMesh Pro/Shaders/TMPro_Surface.cginc
  artifactKey: Guid(d930090c0cd643c7b55f19a38538c162) Importer(815301076,1909f56bfc062723c751e8b465ee728b)
Start importing Assets/TextMesh Pro/Shaders/TMPro_Surface.cginc using Guid(d930090c0cd643c7b55f19a38538c162) Importer(815301076,1909f56bfc062723c751e8b465ee728b)  -> (artifact id: '7a635ec737c90890fe650212c09c6b5b') in 0.010070 seconds 
  Import took 0.015271 seconds .

========================================================================
Received Import Request.
  Time since last request: 0.015675 seconds.
  path: Assets/Prefabs/Tile.prefab
  artifactKey: Guid(19e3f17baf9d52948bbd8d8ca9133a9a) Importer(815301076,1909f56bfc062723c751e8b465ee728b)
Start importing Assets/Prefabs/Tile.prefab using Guid(19e3f17baf9d52948bbd8d8ca9133a9a) Importer(815301076,1909f56bfc062723c751e8b465ee728b)  -> (artifact id: '17f30670b0fd0affd12d9a664f60698c') in 0.062070 seconds 
  Import took 0.069699 seconds .

========================================================================
Received Import Request.
  Time since last request: 0.019418 seconds.
  path: Assets/TextMesh Pro/Fonts/LiberationSans - OFL.txt
  artifactKey: Guid(6e59c59b81ab47f9b6ec5781fa725d2c) Importer(815301076,1909f56bfc062723c751e8b465ee728b)
Start importing Assets/TextMesh Pro/Fonts/LiberationSans - OFL.txt using Guid(6e59c59b81ab47f9b6ec5781fa725d2c) Importer(815301076,1909f56bfc062723c751e8b465ee728b)  -> (artifact id: 'd8ed59a48b952935c94a9302b2b79e3d') in 0.032184 seconds 
  Import took 0.054756 seconds .

========================================================================
Received Import Request.
  Time since last request: 0.006925 seconds.
  path: Assets/TextMesh Pro/Resources/Style Sheets
  artifactKey: Guid(4aecb92fff08436c8303b10eab8da368) Importer(815301076,1909f56bfc062723c751e8b465ee728b)
Start importing Assets/TextMesh Pro/Resources/Style Sheets using Guid(4aecb92fff08436c8303b10eab8da368) Importer(815301076,1909f56bfc062723c751e8b465ee728b)  -> (artifact id: '8eb160d1f2f0150837d5eca199ae2098') in 0.014164 seconds 
  Import took 0.020638 seconds .

========================================================================
Received Import Request.
  Time since last request: 0.007245 seconds.
  path: Assets/Plugins/Pixelplacement/iTween/ReadMe!
  artifactKey: Guid(2d2cb0af9aa924b12bd57127320643a3) Importer(815301076,1909f56bfc062723c751e8b465ee728b)
Start importing Assets/Plugins/Pixelplacement/iTween/ReadMe! using Guid(2d2cb0af9aa924b12bd57127320643a3) Importer(815301076,1909f56bfc062723c751e8b465ee728b)  -> (artifact id: '70458d52df2949a4488b987cbaacd939') in 0.014523 seconds 
  Import took 0.024367 seconds .

========================================================================
Received Import Request.
  Time since last request: 0.012933 seconds.
  path: Assets/Plugins/Pixelplacement/iTween/Sample/MoveSample.cs
  artifactKey: Guid(93cb45d44c16f45a4bbd5099fe096c20) Importer(815301076,1909f56bfc062723c751e8b465ee728b)
Start importing Assets/Plugins/Pixelplacement/iTween/Sample/MoveSample.cs using Guid(93cb45d44c16f45a4bbd5099fe096c20) Importer(815301076,1909f56bfc062723c751e8b465ee728b)  -> (artifact id: '9ba17bd2518049cf5d87fb9a37f7ddcc') in 0.018557 seconds 
  Import took 0.028927 seconds .

========================================================================
Received Import Request.
  Time since last request: 0.007036 seconds.
  path: Assets/TextMesh Pro/Shaders
  artifactKey: Guid(e9f693669af91aa45ad615fc681ed29f) Importer(815301076,1909f56bfc062723c751e8b465ee728b)
Start importing Assets/TextMesh Pro/Shaders using Guid(e9f693669af91aa45ad615fc681ed29f) Importer(815301076,1909f56bfc062723c751e8b465ee728b)  -> (artifact id: '486066d15e4e2d1f404625b357b63227') in 0.016040 seconds 
  Import took 0.031840 seconds .

========================================================================
Received Import Request.
  Time since last request: 0.018646 seconds.
  path: Assets/TextMesh Pro/Resources/Sprite Assets/EmojiOne.asset
  artifactKey: Guid(c41005c129ba4d66911b75229fd70b45) Importer(815301076,1909f56bfc062723c751e8b465ee728b)
Start importing Assets/TextMesh Pro/Resources/Sprite Assets/EmojiOne.asset using Guid(c41005c129ba4d66911b75229fd70b45) Importer(815301076,1909f56bfc062723c751e8b465ee728b)  -> (artifact id: '093a2cdfc4701742cd4e2e9653a3929b') in 0.040193 seconds 
  Import took 0.046968 seconds .

========================================================================
Received Import Request.
  Time since last request: 0.015719 seconds.
  path: Assets/Prefabs/AI.prefab
  artifactKey: Guid(9e7182adbc9f28d41824ac284a63c72e) Importer(815301076,1909f56bfc062723c751e8b465ee728b)
Start importing Assets/Prefabs/AI.prefab using Guid(9e7182adbc9f28d41824ac284a63c72e) Importer(815301076,1909f56bfc062723c751e8b465ee728b)  -> (artifact id: '04b8d3c2c045f539bb8bc784125f2ce9') in 0.035430 seconds 
  Import took 0.043574 seconds .

========================================================================
Received Import Request.
  Time since last request: 0.027919 seconds.
  path: Assets/Plugins/Pixelplacement/iTween/Sample
  artifactKey: Guid(2b4957ecfb9d44cb59b99d2305c1848c) Importer(815301076,1909f56bfc062723c751e8b465ee728b)
Start importing Assets/Plugins/Pixelplacement/iTween/Sample using Guid(2b4957ecfb9d44cb59b99d2305c1848c) Importer(815301076,1909f56bfc062723c751e8b465ee728b)  -> (artifact id: '957809c2cb994c8a2b15e1a7cafead65') in 0.022913 seconds 
  Import took 0.034366 seconds .

========================================================================
Received Import Request.
  Time since last request: 0.010057 seconds.
  path: Assets/Prefabs
  artifactKey: Guid(6b52e036000b59d4dbbddefba497b41f) Importer(815301076,1909f56bfc062723c751e8b465ee728b)
Start importing Assets/Prefabs using Guid(6b52e036000b59d4dbbddefba497b41f) Importer(815301076,1909f56bfc062723c751e8b465ee728b)  -> (artifact id: 'c44814c497fbe6fd09b76915ef8d9ecd') in 0.022598 seconds 
  Import took 0.033087 seconds .

========================================================================
Received Import Request.
  Time since last request: 0.016893 seconds.
  path: Assets/TextMesh Pro/Shaders/TMP_SDF-Mobile Masking.shader
  artifactKey: Guid(bc1ede39bf3643ee8e493720e4259791) Importer(815301076,1909f56bfc062723c751e8b465ee728b)
Start importing Assets/TextMesh Pro/Shaders/TMP_SDF-Mobile Masking.shader using Guid(bc1ede39bf3643ee8e493720e4259791) Importer(815301076,1909f56bfc062723c751e8b465ee728b)  -> (artifact id: 'c3d4f0177a90d2144d63325c1f81fa56') in 0.020724 seconds 
  Import took 0.031909 seconds .

========================================================================
Received Import Request.
  Time since last request: 0.012832 seconds.
  path: Assets/TextMesh Pro/Shaders/TMP_SDF-Mobile.shader
  artifactKey: Guid(fe393ace9b354375a9cb14cdbbc28be4) Importer(815301076,1909f56bfc062723c751e8b465ee728b)
Start importing Assets/TextMesh Pro/Shaders/TMP_SDF-Mobile.shader using Guid(fe393ace9b354375a9cb14cdbbc28be4) Importer(815301076,1909f56bfc062723c751e8b465ee728b)  -> (artifact id: '59234c4373b2503eeecda25bd56faa11') in 0.017668 seconds 
  Import took 0.026887 seconds .

========================================================================
Received Import Request.
  Time since last request: 0.012733 seconds.
  path: Assets/TextMesh Pro/Shaders/TMP_Sprite.shader
  artifactKey: Guid(cf81c85f95fe47e1a27f6ae460cf182c) Importer(815301076,1909f56bfc062723c751e8b465ee728b)
Start importing Assets/TextMesh Pro/Shaders/TMP_Sprite.shader using Guid(cf81c85f95fe47e1a27f6ae460cf182c) Importer(815301076,1909f56bfc062723c751e8b465ee728b)  -> (artifact id: 'b7e22d2e4f4ae1fd1f2d822a647ec718') in 0.016746 seconds 
  Import took 0.021235 seconds .

========================================================================
Received Import Request.
  Time since last request: 0.014420 seconds.
  path: Assets/Prefabs/Canvas.prefab
  artifactKey: Guid(5b1311320b3e81145900363d8c9346dd) Importer(815301076,1909f56bfc062723c751e8b465ee728b)
Start importing Assets/Prefabs/Canvas.prefab using Guid(5b1311320b3e81145900363d8c9346dd) Importer(815301076,1909f56bfc062723c751e8b465ee728b)  -> (artifact id: 'c9923f308f143678b47f9de2e754a411') in 0.057768 seconds 
  Import took 0.063489 seconds .

========================================================================
Received Import Request.
  Time since last request: 0.058861 seconds.
  path: Assets/Plugins/Pixelplacement/iTween/Sample/Sample.unity
  artifactKey: Guid(17c6d1d46ed4a4cd19bb7f7a231386ba) Importer(815301076,1909f56bfc062723c751e8b465ee728b)
Start importing Assets/Plugins/Pixelplacement/iTween/Sample/Sample.unity using Guid(17c6d1d46ed4a4cd19bb7f7a231386ba) Importer(815301076,1909f56bfc062723c751e8b465ee728b)  -> (artifact id: 'e8fee21044f97e7612117766a79cb22e') in 0.009088 seconds 
  Import took 0.018908 seconds .

========================================================================
Received Import Request.
  Time since last request: 0.017861 seconds.
  path: Assets/Plugins/Pixelplacement/iTween/iTween.cs
  artifactKey: Guid(521257714fc9e437a9163df2d37f2ea2) Importer(815301076,1909f56bfc062723c751e8b465ee728b)
Start importing Assets/Plugins/Pixelplacement/iTween/iTween.cs using Guid(521257714fc9e437a9163df2d37f2ea2) Importer(815301076,1909f56bfc062723c751e8b465ee728b)  -> (artifact id: '61e9755aa9ea5f9aca2cf31bfbf9597f') in 0.010925 seconds 
  Import took 0.016304 seconds .

========================================================================
Received Import Request.
  Time since last request: 0.013305 seconds.
  path: Assets/TextMesh Pro/Sprites/EmojiOne Attribution.txt
  artifactKey: Guid(381dcb09d5029d14897e55f98031fca5) Importer(815301076,1909f56bfc062723c751e8b465ee728b)
Start importing Assets/TextMesh Pro/Sprites/EmojiOne Attribution.txt using Guid(381dcb09d5029d14897e55f98031fca5) Importer(815301076,1909f56bfc062723c751e8b465ee728b)  -> (artifact id: 'a93e932dc712dec422b2d5903b71fff9') in 0.008669 seconds 
  Import took 0.015708 seconds .

========================================================================
Received Import Request.
  Time since last request: 0.011025 seconds.
  path: Assets/UIManager.cs
  artifactKey: Guid(c815e765bdbfdd8409305e5f3b9b92a3) Importer(815301076,1909f56bfc062723c751e8b465ee728b)
Start importing Assets/UIManager.cs using Guid(c815e765bdbfdd8409305e5f3b9b92a3) Importer(815301076,1909f56bfc062723c751e8b465ee728b)  -> (artifact id: '7d45507a7e6e7f7a54c5dbead6da1944') in 0.009307 seconds 
  Import took 0.015595 seconds .

========================================================================
Received Import Request.
  Time since last request: 0.015138 seconds.
  path: Assets/TextMesh Pro/Shaders/TMPro_Mobile.cginc
  artifactKey: Guid(c334973cef89a9840b0b0c507e0377ab) Importer(815301076,1909f56bfc062723c751e8b465ee728b)
Start importing Assets/TextMesh Pro/Shaders/TMPro_Mobile.cginc using Guid(c334973cef89a9840b0b0c507e0377ab) Importer(815301076,1909f56bfc062723c751e8b465ee728b)  -> (artifact id: '858a7b7b43960fe146a89d5439ebbdfb') in 0.010832 seconds 
  Import took 0.017009 seconds .

========================================================================
Received Import Request.
  Time since last request: 0.012283 seconds.
  path: Assets/Prefabs/Goal.prefab
  artifactKey: Guid(c56f4ec11c98bd04c9d0c33676d25052) Importer(815301076,1909f56bfc062723c751e8b465ee728b)
Start importing Assets/Prefabs/Goal.prefab using Guid(c56f4ec11c98bd04c9d0c33676d25052) Importer(815301076,1909f56bfc062723c751e8b465ee728b)  -> (artifact id: '9c6beda4bcbba1c02e8cf2592781570f') in 0.008604 seconds 
  Import took 0.021753 seconds .

========================================================================
Received Import Request.
  Time since last request: 0.006747 seconds.
  path: Assets/TheseusController.cs
  artifactKey: Guid(9c6996054471aab4e83def941f1a0aea) Importer(815301076,1909f56bfc062723c751e8b465ee728b)
Start importing Assets/TheseusController.cs using Guid(9c6996054471aab4e83def941f1a0aea) Importer(815301076,1909f56bfc062723c751e8b465ee728b)  -> (artifact id: '3e9ee807edc5ba5b2fea0ea9ac54a129') in 0.010811 seconds 
  Import took 0.016470 seconds .

========================================================================
Received Import Request.
  Time since last request: 0.012469 seconds.
  path: Assets/TextMesh Pro/Shaders/TMP_Bitmap.shader
  artifactKey: Guid(128e987d567d4e2c824d754223b3f3b0) Importer(815301076,1909f56bfc062723c751e8b465ee728b)
Start importing Assets/TextMesh Pro/Shaders/TMP_Bitmap.shader using Guid(128e987d567d4e2c824d754223b3f3b0) Importer(815301076,1909f56bfc062723c751e8b465ee728b)  -> (artifact id: 'bf4557746324e88d20225e0d6264b37a') in 0.010931 seconds 
  Import took 0.016530 seconds .

========================================================================
Received Import Request.
  Time since last request: 0.007633 seconds.
  path: Assets/TextMesh Pro/Resources/Fonts & Materials/LiberationSans SDF - Outline.mat
  artifactKey: Guid(79459efec17a4d00a321bdcc27bbc385) Importer(815301076,1909f56bfc062723c751e8b465ee728b)
Start importing Assets/TextMesh Pro/Resources/Fonts & Materials/LiberationSans SDF - Outline.mat using Guid(79459efec17a4d00a321bdcc27bbc385) Importer(815301076,1909f56bfc062723c751e8b465ee728b)  -> (artifact id: '289988fcecf3b00d1602f8d2b589f7dd') in 0.370848 seconds 
  Import took 0.383485 seconds .

========================================================================
Received Import Request.
  Time since last request: 0.030177 seconds.
  path: Assets/GameManager.cs
  artifactKey: Guid(fce3ef7518e2069428eb2d22189bf54f) Importer(815301076,1909f56bfc062723c751e8b465ee728b)
Start importing Assets/GameManager.cs using Guid(fce3ef7518e2069428eb2d22189bf54f) Importer(815301076,1909f56bfc062723c751e8b465ee728b)  -> (artifact id: '681c5025c445e299c30635e5625a8496') in 0.017135 seconds 
  Import took 0.027921 seconds .

========================================================================
Received Import Request.
  Time since last request: 0.011215 seconds.
  path: Assets/TextMesh Pro/Shaders/TMP_SDF-Mobile SSD.shader
  artifactKey: Guid(c8d12adcee749c344b8117cf7c7eb912) Importer(815301076,1909f56bfc062723c751e8b465ee728b)
Start importing Assets/TextMesh Pro/Shaders/TMP_SDF-Mobile SSD.shader using Guid(c8d12adcee749c344b8117cf7c7eb912) Importer(815301076,1909f56bfc062723c751e8b465ee728b)  -> (artifact id: '9789cc14d48af56fcdeffcb19d20f444') in 0.010863 seconds 
  Import took 0.020588 seconds .

========================================================================
Received Import Request.
  Time since last request: 0.014545 seconds.
  path: Assets/Plugins/Pixelplacement/iTween/ReadMe!/ReadMe!.txt
  artifactKey: Guid(b68b11cac1ab04f95985e32ea67b8435) Importer(815301076,1909f56bfc062723c751e8b465ee728b)
Start importing Assets/Plugins/Pixelplacement/iTween/ReadMe!/ReadMe!.txt using Guid(b68b11cac1ab04f95985e32ea67b8435) Importer(815301076,1909f56bfc062723c751e8b465ee728b)  -> (artifact id: 'f05bf2137c2998aab91beb51d3e37b11') in 0.016896 seconds 
  Import took 0.026718 seconds .

========================================================================
Received Import Request.
  Time since last request: 0.016728 seconds.
  path: Assets/Plugins/Pixelplacement/iTween
  artifactKey: Guid(764d7548d85482045989cedb3c7d8ae5) Importer(815301076,1909f56bfc062723c751e8b465ee728b)
Start importing Assets/Plugins/Pixelplacement/iTween using Guid(764d7548d85482045989cedb3c7d8ae5) Importer(815301076,1909f56bfc062723c751e8b465ee728b)  -> (artifact id: '75e37530a3ba2203ef7d46b63717578e') in 0.004800 seconds 
  Import took 0.010705 seconds .

========================================================================
Received Import Request.
  Time since last request: 0.008634 seconds.
  path: Assets/TextMesh Pro/Shaders/TMP_SDF-Surface.shader
  artifactKey: Guid(f7ada0af4f174f0694ca6a487b8f543d) Importer(815301076,1909f56bfc062723c751e8b465ee728b)
Start importing Assets/TextMesh Pro/Shaders/TMP_SDF-Surface.shader using Guid(f7ada0af4f174f0694ca6a487b8f543d) Importer(815301076,1909f56bfc062723c751e8b465ee728b)  -> (artifact id: '72d8d236053136e6a8ba546081c50bec') in 0.008070 seconds 
  Import took 0.014993 seconds .

========================================================================
Received Import Request.
  Time since last request: 0.007530 seconds.
  path: Assets/TextMesh Pro/Resources/Sprite Assets
  artifactKey: Guid(512a49d95c0c4332bdd98131869c23c9) Importer(815301076,1909f56bfc062723c751e8b465ee728b)
Start importing Assets/TextMesh Pro/Resources/Sprite Assets using Guid(512a49d95c0c4332bdd98131869c23c9) Importer(815301076,1909f56bfc062723c751e8b465ee728b)  -> (artifact id: 'b31814b8e9a6a2d42a48cf87797f0e5e') in 0.010531 seconds 
  Import took 0.017230 seconds .

========================================================================
Received Import Request.
  Time since last request: 0.014393 seconds.
  path: Assets/Plugins/Pixelplacement/iTween/Sample/SampleInfo.cs
  artifactKey: Guid(5273cf41de20842a5917d8346dffe707) Importer(815301076,1909f56bfc062723c751e8b465ee728b)
Start importing Assets/Plugins/Pixelplacement/iTween/Sample/SampleInfo.cs using Guid(5273cf41de20842a5917d8346dffe707) Importer(815301076,1909f56bfc062723c751e8b465ee728b)  -> (artifact id: '43e3e8febe2af6bbc3a39cd367095af5') in 0.007820 seconds 
  Import took 0.013050 seconds .

========================================================================
Received Import Request.
  Time since last request: 0.008675 seconds.
  path: Assets/Scenes/Level03.unity
  artifactKey: Guid(55348d0b423678f4caa22d771306ebf6) Importer(815301076,1909f56bfc062723c751e8b465ee728b)
Start importing Assets/Scenes/Level03.unity using Guid(55348d0b423678f4caa22d771306ebf6) Importer(815301076,1909f56bfc062723c751e8b465ee728b)  -> (artifact id: '2551fb3e8790190e093fc5cf090f151e') in 0.010107 seconds 
  Import took 0.015936 seconds .

========================================================================
Received Import Request.
  Time since last request: 0.009578 seconds.
  path: Assets/Scenes/SampleScene.unity
  artifactKey: Guid(2cda990e2423bbf4892e6590ba056729) Importer(815301076,1909f56bfc062723c751e8b465ee728b)
Start importing Assets/Scenes/SampleScene.unity using Guid(2cda990e2423bbf4892e6590ba056729) Importer(815301076,1909f56bfc062723c751e8b465ee728b)  -> (artifact id: 'aa27944bdea339c97c39027c7eea529c') in 0.008768 seconds 
  Import took 0.015679 seconds .

========================================================================
Received Import Request.
  Time since last request: 0.007483 seconds.
  path: Assets/TextMesh Pro/Resources/LineBreaking Following Characters.txt
  artifactKey: Guid(fade42e8bc714b018fac513c043d323b) Importer(815301076,1909f56bfc062723c751e8b465ee728b)
Start importing Assets/TextMesh Pro/Resources/LineBreaking Following Characters.txt using Guid(fade42e8bc714b018fac513c043d323b) Importer(815301076,1909f56bfc062723c751e8b465ee728b)  -> (artifact id: 'c84519695b966c8ddf8d325a6adc21d0') in 0.008200 seconds 
  Import took 0.014316 seconds .

========================================================================
Received Import Request.
  Time since last request: 0.004634 seconds.
  path: Assets/TextMesh Pro/Fonts
  artifactKey: Guid(6ab70aee4d56447429c680537fbf93ed) Importer(815301076,1909f56bfc062723c751e8b465ee728b)
Start importing Assets/TextMesh Pro/Fonts using Guid(6ab70aee4d56447429c680537fbf93ed) Importer(815301076,1909f56bfc062723c751e8b465ee728b)  -> (artifact id: 'c860dfdf0522eec1202f36843e52d436') in 0.011050 seconds 
  Import took 0.016175 seconds .

========================================================================
Received Import Request.
  Time since last request: 0.008136 seconds.
  path: Assets/TextMesh Pro/Shaders/TMP_SDF Overlay.shader
  artifactKey: Guid(dd89cf5b9246416f84610a006f916af7) Importer(815301076,1909f56bfc062723c751e8b465ee728b)
Start importing Assets/TextMesh Pro/Shaders/TMP_SDF Overlay.shader using Guid(dd89cf5b9246416f84610a006f916af7) Importer(815301076,1909f56bfc062723c751e8b465ee728b)  -> (artifact id: '3a6f7cfde66e201596fbfa81356d5929') in 0.007952 seconds 
  Import took 0.013239 seconds .

========================================================================
Received Import Request.
  Time since last request: 0.008624 seconds.
  path: Assets/TextMesh Pro/Sprites/EmojiOne.json
  artifactKey: Guid(8f05276190cf498a8153f6cbe761d4e6) Importer(815301076,1909f56bfc062723c751e8b465ee728b)
Start importing Assets/TextMesh Pro/Sprites/EmojiOne.json using Guid(8f05276190cf498a8153f6cbe761d4e6) Importer(815301076,1909f56bfc062723c751e8b465ee728b)  -> (artifact id: '9c491a4afbdae75051e2e9640592dc2a') in 0.020871 seconds 
  Import took 0.028424 seconds .

========================================================================
Received Import Request.
  Time since last request: 0.018572 seconds.
  path: Assets/Scenes/Level02.unity
  artifactKey: Guid(86d34bd73c58eef4d9fc378af8a3ac35) Importer(815301076,1909f56bfc062723c751e8b465ee728b)
Start importing Assets/Scenes/Level02.unity using Guid(86d34bd73c58eef4d9fc378af8a3ac35) Importer(815301076,1909f56bfc062723c751e8b465ee728b)  -> (artifact id: '3cac88857389b59fb86824acf2bba92e') in 0.009093 seconds 
  Import took 0.014640 seconds .

========================================================================
Received Import Request.
  Time since last request: 0.005313 seconds.
  path: Assets/TextMesh Pro/Resources/Fonts & Materials
  artifactKey: Guid(731f1baa9d144a9897cb1d341c2092b8) Importer(815301076,1909f56bfc062723c751e8b465ee728b)
Start importing Assets/TextMesh Pro/Resources/Fonts & Materials using Guid(731f1baa9d144a9897cb1d341c2092b8) Importer(815301076,1909f56bfc062723c751e8b465ee728b)  -> (artifact id: 'cbd6dcea75119183330fd0c84a35eed7') in 0.007821 seconds 
  Import took 0.015368 seconds .

========================================================================
Received Import Request.
  Time since last request: 0.004826 seconds.
  path: Assets/TextMesh Pro
  artifactKey: Guid(f54d1bd14bd3ca042bd867b519fee8cc) Importer(815301076,1909f56bfc062723c751e8b465ee728b)
Start importing Assets/TextMesh Pro using Guid(f54d1bd14bd3ca042bd867b519fee8cc) Importer(815301076,1909f56bfc062723c751e8b465ee728b)  -> (artifact id: '16b4cbde9565bf190136f1148817e1ea') in 0.009003 seconds 
  Import took 0.014375 seconds .

========================================================================
Received Import Request.
  Time since last request: 0.008603 seconds.
  path: Assets/MinotaurController.cs
  artifactKey: Guid(cecf48a6c2d7a114eb8c8a04bc977ec8) Importer(815301076,1909f56bfc062723c751e8b465ee728b)
Start importing Assets/MinotaurController.cs using Guid(cecf48a6c2d7a114eb8c8a04bc977ec8) Importer(815301076,1909f56bfc062723c751e8b465ee728b)  -> (artifact id: 'cd16c6244ca00db84b2fed4375c4ff5c') in 0.009435 seconds 
  Import took 0.016237 seconds .

========================================================================
Received Import Request.
  Time since last request: 0.013815 seconds.
  path: Assets/Plugins/Pixelplacement/iTween/Images
  artifactKey: Guid(20f5496af0a1a4ac1bcc8850db15c00a) Importer(815301076,1909f56bfc062723c751e8b465ee728b)
Start importing Assets/Plugins/Pixelplacement/iTween/Images using Guid(20f5496af0a1a4ac1bcc8850db15c00a) Importer(815301076,1909f56bfc062723c751e8b465ee728b)  -> (artifact id: '26d4467b348d21878c212ff992cbd37f') in 0.008339 seconds 
  Import took 0.015668 seconds .

========================================================================
Received Import Request.
  Time since last request: 0.010679 seconds.
  path: Assets/TextMesh Pro/Resources/TMP Settings.asset
  artifactKey: Guid(3f5b5dff67a942289a9defa416b206f3) Importer(815301076,1909f56bfc062723c751e8b465ee728b)
Start importing Assets/TextMesh Pro/Resources/TMP Settings.asset using Guid(3f5b5dff67a942289a9defa416b206f3) Importer(815301076,1909f56bfc062723c751e8b465ee728b)  -> (artifact id: '80217e6c75f9d2e4957cbc8093faaf48') in 0.075057 seconds 
  Import took 0.081098 seconds .

========================================================================
Received Import Request.
  Time since last request: 0.004420 seconds.
  path: Assets/TextMesh Pro/Sprites
  artifactKey: Guid(d0603b6d5186471b96c778c3949c7ce2) Importer(815301076,1909f56bfc062723c751e8b465ee728b)
Start importing Assets/TextMesh Pro/Sprites using Guid(d0603b6d5186471b96c778c3949c7ce2) Importer(815301076,1909f56bfc062723c751e8b465ee728b)  -> (artifact id: 'c825b4ecabc52a724fdd8944d5209777') in 0.007727 seconds 
  Import took 0.015932 seconds .

========================================================================
Received Import Request.
  Time since last request: 0.009729 seconds.
  path: Assets/Plugins/Pixelplacement/iTween/Sample/RotateSample.cs
  artifactKey: Guid(d6bc01eb564f142a1ada6ced5215636a) Importer(815301076,1909f56bfc062723c751e8b465ee728b)
Start importing Assets/Plugins/Pixelplacement/iTween/Sample/RotateSample.cs using Guid(d6bc01eb564f142a1ada6ced5215636a) Importer(815301076,1909f56bfc062723c751e8b465ee728b)  -> (artifact id: 'eeb99687df5a86eb6c88f17a910e8905') in 0.010896 seconds 
  Import took 0.015676 seconds .

========================================================================
Received Import Request.
  Time since last request: 0.005783 seconds.
  path: Assets/Plugins
  artifactKey: Guid(d7dcf7a4d26342e40a7faf0a085fe3fe) Importer(815301076,1909f56bfc062723c751e8b465ee728b)
Start importing Assets/Plugins using Guid(d7dcf7a4d26342e40a7faf0a085fe3fe) Importer(815301076,1909f56bfc062723c751e8b465ee728b)  -> (artifact id: '1e05adc8545a244aecff79f6defd39c9') in 0.007876 seconds 
  Import took 0.014523 seconds .

========================================================================
Received Import Request.
  Time since last request: 0.008829 seconds.
  path: Assets/Scenes/Level01.unity
  artifactKey: Guid(b85eced2796691d4b98f78630af90395) Importer(815301076,1909f56bfc062723c751e8b465ee728b)
Start importing Assets/Scenes/Level01.unity using Guid(b85eced2796691d4b98f78630af90395) Importer(815301076,1909f56bfc062723c751e8b465ee728b)  -> (artifact id: 'cd9aeefcdadc67af3fefbce03fe3f632') in 0.011105 seconds 
  Import took 0.016219 seconds .

========================================================================
Received Import Request.
  Time since last request: 0.004482 seconds.
  path: Assets/Plugins/Pixelplacement
  artifactKey: Guid(dbabb9039f77a854ebb248523b7631f3) Importer(815301076,1909f56bfc062723c751e8b465ee728b)
Start importing Assets/Plugins/Pixelplacement using Guid(dbabb9039f77a854ebb248523b7631f3) Importer(815301076,1909f56bfc062723c751e8b465ee728b)  -> (artifact id: '067768d0ea18184d8fdd5cbffc08a3a3') in 0.008058 seconds 
  Import took 0.015245 seconds .

========================================================================
Received Import Request.
  Time since last request: 0.010006 seconds.
  path: Assets/TextMesh Pro/Documentation/TextMesh Pro User Guide 2016.pdf
  artifactKey: Guid(1b8d251f9af63b746bf2f7ffe00ebb9b) Importer(815301076,1909f56bfc062723c751e8b465ee728b)
Start importing Assets/TextMesh Pro/Documentation/TextMesh Pro User Guide 2016.pdf using Guid(1b8d251f9af63b746bf2f7ffe00ebb9b) Importer(815301076,1909f56bfc062723c751e8b465ee728b)  -> (artifact id: '68a8cd0d128e2de1afc31d38fd538062') in 0.012504 seconds 
  Import took 0.017943 seconds .

========================================================================
Received Import Request.
  Time since last request: 0.008515 seconds.
  path: Assets/TextMesh Pro/Shaders/TMP_Bitmap-Custom-Atlas.shader
  artifactKey: Guid(48bb5f55d8670e349b6e614913f9d910) Importer(815301076,1909f56bfc062723c751e8b465ee728b)
Start importing Assets/TextMesh Pro/Shaders/TMP_Bitmap-Custom-Atlas.shader using Guid(48bb5f55d8670e349b6e614913f9d910) Importer(815301076,1909f56bfc062723c751e8b465ee728b)  -> (artifact id: '9e12da988b3dd4a339ef4b97fef8df05') in 0.007723 seconds 
  Import took 0.012997 seconds .

========================================================================
Received Import Request.
  Time since last request: 0.008258 seconds.
  path: Assets/TextMesh Pro/Shaders/TMP_SDF-Surface-Mobile.shader
  artifactKey: Guid(85187c2149c549c5b33f0cdb02836b17) Importer(815301076,1909f56bfc062723c751e8b465ee728b)
Start importing Assets/TextMesh Pro/Shaders/TMP_SDF-Surface-Mobile.shader using Guid(85187c2149c549c5b33f0cdb02836b17) Importer(815301076,1909f56bfc062723c751e8b465ee728b)  -> (artifact id: '407c86c1580885d84522217fd4e62150') in 0.008583 seconds 
  Import took 0.013497 seconds .

========================================================================
Received Import Request.
  Time since last request: 0.009959 seconds.
  path: Assets/TextMesh Pro/Shaders/TMPro_Properties.cginc
  artifactKey: Guid(3997e2241185407d80309a82f9148466) Importer(815301076,1909f56bfc062723c751e8b465ee728b)
Start importing Assets/TextMesh Pro/Shaders/TMPro_Properties.cginc using Guid(3997e2241185407d80309a82f9148466) Importer(815301076,1909f56bfc062723c751e8b465ee728b)  -> (artifact id: '25b87a6c906e2ff6005352074e70dba6') in 0.008431 seconds 
  Import took 0.014431 seconds .

========================================================================
Received Import Request.
  Time since last request: 0.009232 seconds.
  path: Assets/Prefabs/Outer Wall.prefab
  artifactKey: Guid(0505d444798d4ec4894ce722a88b7a31) Importer(815301076,1909f56bfc062723c751e8b465ee728b)
Start importing Assets/Prefabs/Outer Wall.prefab using Guid(0505d444798d4ec4894ce722a88b7a31) Importer(815301076,1909f56bfc062723c751e8b465ee728b)  -> (artifact id: 'bb21402adb308e5a394937f8c169cf3e') in 0.022835 seconds 
  Import took 0.028261 seconds .

========================================================================
Received Import Request.
  Time since last request: 0.009081 seconds.
  path: Assets/TextMesh Pro/Shaders/TMP_Bitmap-Mobile.shader
  artifactKey: Guid(1e3b057af24249748ff873be7fafee47) Importer(815301076,1909f56bfc062723c751e8b465ee728b)
Start importing Assets/TextMesh Pro/Shaders/TMP_Bitmap-Mobile.shader using Guid(1e3b057af24249748ff873be7fafee47) Importer(815301076,1909f56bfc062723c751e8b465ee728b)  -> (artifact id: '781de919be87db38eb51354aa8fb7892') in 0.007447 seconds 
  Import took 0.014571 seconds .

========================================================================
Received Import Request.
  Time since last request: 0.004263 seconds.
  path: Assets/TextMesh Pro/Resources
  artifactKey: Guid(243e06394e614e5d99fab26083b707fa) Importer(815301076,1909f56bfc062723c751e8b465ee728b)
Start importing Assets/TextMesh Pro/Resources using Guid(243e06394e614e5d99fab26083b707fa) Importer(815301076,1909f56bfc062723c751e8b465ee728b)  -> (artifact id: '0df7051f5b12f3f69d646d60f9166c36') in 0.007124 seconds 
  Import took 0.013633 seconds .

========================================================================
Received Import Request.
  Time since last request: 0.007093 seconds.
  path: Assets/TextMesh Pro/Shaders/TMP_SDF-Mobile Overlay.shader
  artifactKey: Guid(a02a7d8c237544f1962732b55a9aebf1) Importer(815301076,1909f56bfc062723c751e8b465ee728b)
Start importing Assets/TextMesh Pro/Shaders/TMP_SDF-Mobile Overlay.shader using Guid(a02a7d8c237544f1962732b55a9aebf1) Importer(815301076,1909f56bfc062723c751e8b465ee728b)  -> (artifact id: '4fbc4b7a4c1ddec181f6aaef4b6ae772') in 0.007702 seconds 
  Import took 0.015682 seconds .

========================================================================
Received Import Request.
  Time since last request: 0.017628 seconds.
  path: Assets/TextMesh Pro/Resources/Style Sheets/Default Style Sheet.asset
  artifactKey: Guid(f952c082cb03451daed3ee968ac6c63e) Importer(815301076,1909f56bfc062723c751e8b465ee728b)
Start importing Assets/TextMesh Pro/Resources/Style Sheets/Default Style Sheet.asset using Guid(f952c082cb03451daed3ee968ac6c63e) Importer(815301076,1909f56bfc062723c751e8b465ee728b)  -> (artifact id: '99846f5a5cef2b9fb3476a6a84d35918') in 0.008640 seconds 
  Import took 0.015297 seconds .

========================================================================
Received Import Request.
  Time since last request: 0.008562 seconds.
  path: Assets/TextMesh Pro/Resources/LineBreaking Leading Characters.txt
  artifactKey: Guid(d82c1b31c7e74239bff1220585707d2b) Importer(815301076,1909f56bfc062723c751e8b465ee728b)
Start importing Assets/TextMesh Pro/Resources/LineBreaking Leading Characters.txt using Guid(d82c1b31c7e74239bff1220585707d2b) Importer(815301076,1909f56bfc062723c751e8b465ee728b)  -> (artifact id: '55ff7fcf1dc11b21acfd2150599fb6bf') in 0.008374 seconds 
  Import took 0.013507 seconds .

========================================================================
Received Import Request.
  Time since last request: 0.009045 seconds.
  path: Assets/LevelLoader.cs
  artifactKey: Guid(9f318afa19f42004eb8b5a714f5bba8c) Importer(815301076,1909f56bfc062723c751e8b465ee728b)
Start importing Assets/LevelLoader.cs using Guid(9f318afa19f42004eb8b5a714f5bba8c) Importer(815301076,1909f56bfc062723c751e8b465ee728b)  -> (artifact id: '5e3ac6139a8426ec664f1037317c5923') in 0.007130 seconds 
  Import took 0.013208 seconds .

========================================================================
Received Import Request.
  Time since last request: 0.007909 seconds.
  path: Assets/TextMesh Pro/Fonts/LiberationSans.ttf
  artifactKey: Guid(e3265ab4bf004d28a9537516768c1c75) Importer(815301076,1909f56bfc062723c751e8b465ee728b)
Start importing Assets/TextMesh Pro/Fonts/LiberationSans.ttf using Guid(e3265ab4bf004d28a9537516768c1c75) Importer(815301076,1909f56bfc062723c751e8b465ee728b)  -> (artifact id: 'd3a4b5ca1404f8fa4820d0ab90002d0b') in 0.049004 seconds 
  Import took 0.054568 seconds .

========================================================================
Received Import Request.
  Time since last request: 0.008773 seconds.
  path: Assets/AIController.cs
  artifactKey: Guid(f9dfa4781fd218a47bdd018fed89a9a5) Importer(815301076,1909f56bfc062723c751e8b465ee728b)
Start importing Assets/AIController.cs using Guid(f9dfa4781fd218a47bdd018fed89a9a5) Importer(815301076,1909f56bfc062723c751e8b465ee728b)  -> (artifact id: 'e7918d2e5d94e4a394e423d396abd77c') in 0.007798 seconds 
  Import took 0.012254 seconds .

AssetImportWorkerClient::OnTransportError - code=2 error=End of file
